C:\USERS\HMS\DESKTOP\PATHPLANNING\PATHPLANNING FRAMEWORK\PATHPLANNING FRAMEWORK\VISUAL STUDIO\ASTAR\ASTAR\DEBUG\ALIGNMENT.OBJ
C:\USERS\HMS\DESKTOP\PATHPLANNING\PATHPLANNING FRAMEWORK\PATHPLANNING FRAMEWORK\VISUAL STUDIO\ASTAR\ASTAR\DEBUG\ARRIVAL.OBJ
C:\USERS\HMS\DESKTOP\PATHPLANNING\PATHPLANNING FRAMEWORK\PATHPLANNING FRAMEWORK\VISUAL STUDIO\ASTAR\ASTAR\DEBUG\ASTAR.DLL.EMBED.MANIFEST
C:\USERS\HMS\DESKTOP\PATHPLANNING\PATHPLANNING FRAMEWORK\PATHPLANNING FRAMEWORK\VISUAL STUDIO\ASTAR\ASTAR\DEBUG\ASTAR.DLL.EMBED.MANIFEST.RES
C:\USERS\HMS\DESKTOP\PATHPLANNING\PATHPLANNING FRAMEWORK\PATHPLANNING FRAMEWORK\VISUAL STUDIO\ASTAR\ASTAR\DEBUG\ASTAR.DLL.INTERMEDIATE.MANIFEST
C:\USERS\HMS\DESKTOP\PATHPLANNING\PATHPLANNING FRAMEWORK\PATHPLANNING FRAMEWORK\VISUAL STUDIO\ASTAR\ASTAR\DEBUG\ASTAR.PCH
C:\Users\HMS\Desktop\PathPlanning\PathPlanning Framework\PathPlanning Framework\Visual Studio\AStar\AStar\Debug\AStar.write.1.tlog
C:\Users\HMS\Desktop\PathPlanning\PathPlanning Framework\PathPlanning Framework\Visual Studio\AStar\AStar\Debug\AStar_manifest.rc
C:\USERS\HMS\DESKTOP\PATHPLANNING\PATHPLANNING FRAMEWORK\PATHPLANNING FRAMEWORK\VISUAL STUDIO\ASTAR\ASTAR\DEBUG\AVOID.OBJ
C:\USERS\HMS\DESKTOP\PATHPLANNING\PATHPLANNING FRAMEWORK\PATHPLANNING FRAMEWORK\VISUAL STUDIO\ASTAR\ASTAR\DEBUG\BEHAVIOR.OBJ
C:\Users\HMS\Desktop\PathPlanning\PathPlanning Framework\PathPlanning Framework\Visual Studio\AStar\AStar\Debug\cl.command.1.tlog
C:\Users\HMS\Desktop\PathPlanning\PathPlanning Framework\PathPlanning Framework\Visual Studio\AStar\AStar\Debug\CL.read.1.tlog
C:\Users\HMS\Desktop\PathPlanning\PathPlanning Framework\PathPlanning Framework\Visual Studio\AStar\AStar\Debug\CL.write.1.tlog
C:\USERS\HMS\DESKTOP\PATHPLANNING\PATHPLANNING FRAMEWORK\PATHPLANNING FRAMEWORK\VISUAL STUDIO\ASTAR\ASTAR\DEBUG\COHESION.OBJ
C:\USERS\HMS\DESKTOP\PATHPLANNING\PATHPLANNING FRAMEWORK\PATHPLANNING FRAMEWORK\VISUAL STUDIO\ASTAR\ASTAR\DEBUG\DEPARTURE.OBJ
C:\USERS\HMS\DESKTOP\PATHPLANNING\PATHPLANNING FRAMEWORK\PATHPLANNING FRAMEWORK\VISUAL STUDIO\ASTAR\ASTAR\DEBUG\ENVIRONMENT.OBJ
C:\USERS\HMS\DESKTOP\PATHPLANNING\PATHPLANNING FRAMEWORK\PATHPLANNING FRAMEWORK\VISUAL STUDIO\ASTAR\ASTAR\DEBUG\FLEE.OBJ
C:\USERS\HMS\DESKTOP\PATHPLANNING\PATHPLANNING FRAMEWORK\PATHPLANNING FRAMEWORK\VISUAL STUDIO\ASTAR\ASTAR\DEBUG\FLOCKING.OBJ
C:\USERS\HMS\DESKTOP\PATHPLANNING\PATHPLANNING FRAMEWORK\PATHPLANNING FRAMEWORK\VISUAL STUDIO\ASTAR\ASTAR\DEBUG\FOLLOWPATH.OBJ
C:\USERS\HMS\DESKTOP\PATHPLANNING\PATHPLANNING FRAMEWORK\PATHPLANNING FRAMEWORK\VISUAL STUDIO\ASTAR\ASTAR\DEBUG\LEADER.OBJ
C:\Users\HMS\Desktop\PathPlanning\PathPlanning Framework\PathPlanning Framework\Visual Studio\AStar\AStar\Debug\link.8016.read.1.tlog
C:\Users\HMS\Desktop\PathPlanning\PathPlanning Framework\PathPlanning Framework\Visual Studio\AStar\AStar\Debug\link.8016.write.1.tlog
C:\Users\HMS\Desktop\PathPlanning\PathPlanning Framework\PathPlanning Framework\Visual Studio\AStar\AStar\Debug\link.8016-cvtres.read.1.tlog
C:\Users\HMS\Desktop\PathPlanning\PathPlanning Framework\PathPlanning Framework\Visual Studio\AStar\AStar\Debug\link.8016-cvtres.write.1.tlog
C:\Users\HMS\Desktop\PathPlanning\PathPlanning Framework\PathPlanning Framework\Visual Studio\AStar\AStar\Debug\link.command.1.tlog
C:\Users\HMS\Desktop\PathPlanning\PathPlanning Framework\PathPlanning Framework\Visual Studio\AStar\AStar\Debug\link.read.1.tlog
C:\Users\HMS\Desktop\PathPlanning\PathPlanning Framework\PathPlanning Framework\Visual Studio\AStar\AStar\Debug\link.write.1.tlog
C:\Users\HMS\Desktop\PathPlanning\PathPlanning Framework\PathPlanning Framework\Visual Studio\AStar\AStar\Debug\link-cvtres.read.1.tlog
C:\Users\HMS\Desktop\PathPlanning\PathPlanning Framework\PathPlanning Framework\Visual Studio\AStar\AStar\Debug\link-cvtres.write.1.tlog
C:\Users\HMS\Desktop\PathPlanning\PathPlanning Framework\PathPlanning Framework\Visual Studio\AStar\AStar\Debug\mt.command.1.tlog
C:\Users\HMS\Desktop\PathPlanning\PathPlanning Framework\PathPlanning Framework\Visual Studio\AStar\AStar\Debug\mt.read.1.tlog
C:\Users\HMS\Desktop\PathPlanning\PathPlanning Framework\PathPlanning Framework\Visual Studio\AStar\AStar\Debug\mt.write.1.tlog
C:\USERS\HMS\DESKTOP\PATHPLANNING\PATHPLANNING FRAMEWORK\PATHPLANNING FRAMEWORK\VISUAL STUDIO\ASTAR\ASTAR\DEBUG\NODE.OBJ
C:\USERS\HMS\DESKTOP\PATHPLANNING\PATHPLANNING FRAMEWORK\PATHPLANNING FRAMEWORK\VISUAL STUDIO\ASTAR\ASTAR\DEBUG\NODETOTALGREATER.OBJ
C:\USERS\HMS\DESKTOP\PATHPLANNING\PATHPLANNING FRAMEWORK\PATHPLANNING FRAMEWORK\VISUAL STUDIO\ASTAR\ASTAR\DEBUG\PLUGIN.OBJ
C:\USERS\HMS\DESKTOP\PATHPLANNING\PATHPLANNING FRAMEWORK\PATHPLANNING FRAMEWORK\VISUAL STUDIO\ASTAR\ASTAR\DEBUG\PRIORITYQUEUE.OBJ
C:\Users\HMS\Desktop\PathPlanning\PathPlanning Framework\PathPlanning Framework\Visual Studio\AStar\AStar\Debug\rc.command.1.tlog
C:\Users\HMS\Desktop\PathPlanning\PathPlanning Framework\PathPlanning Framework\Visual Studio\AStar\AStar\Debug\rc.read.1.tlog
C:\Users\HMS\Desktop\PathPlanning\PathPlanning Framework\PathPlanning Framework\Visual Studio\AStar\AStar\Debug\rc.write.1.tlog
C:\USERS\HMS\DESKTOP\PATHPLANNING\PATHPLANNING FRAMEWORK\PATHPLANNING FRAMEWORK\VISUAL STUDIO\ASTAR\ASTAR\DEBUG\SEEK.OBJ
C:\USERS\HMS\DESKTOP\PATHPLANNING\PATHPLANNING FRAMEWORK\PATHPLANNING FRAMEWORK\VISUAL STUDIO\ASTAR\ASTAR\DEBUG\SEPARATION.OBJ
C:\USERS\HMS\DESKTOP\PATHPLANNING\PATHPLANNING FRAMEWORK\PATHPLANNING FRAMEWORK\VISUAL STUDIO\ASTAR\ASTAR\DEBUG\STDAFX.OBJ
C:\USERS\HMS\DESKTOP\PATHPLANNING\PATHPLANNING FRAMEWORK\PATHPLANNING FRAMEWORK\VISUAL STUDIO\ASTAR\ASTAR\DEBUG\TRANSFORMATION.OBJ
C:\Users\HMS\Desktop\PathPlanning\PathPlanning Framework\PathPlanning Framework\Visual Studio\AStar\AStar\Debug\vc100.idb
C:\USERS\HMS\DESKTOP\PATHPLANNING\PATHPLANNING FRAMEWORK\PATHPLANNING FRAMEWORK\VISUAL STUDIO\ASTAR\ASTAR\DEBUG\VC100.PDB
C:\USERS\HMS\DESKTOP\PATHPLANNING\PATHPLANNING FRAMEWORK\PATHPLANNING FRAMEWORK\VISUAL STUDIO\ASTAR\ASTAR\DEBUG\WANDER.OBJ
C:\USERS\HMS\DESKTOP\PATHPLANNING\PATHPLANNING FRAMEWORK\PATHPLANNING FRAMEWORK\VISUAL STUDIO\ASTAR\DEBUG\ASTAR.DLL
C:\Users\HMS\Desktop\PathPlanning\PathPlanning Framework\PathPlanning Framework\Visual Studio\AStar\Debug\AStar.exp
C:\USERS\HMS\DESKTOP\PATHPLANNING\PATHPLANNING FRAMEWORK\PATHPLANNING FRAMEWORK\VISUAL STUDIO\ASTAR\DEBUG\ASTAR.ILK
C:\Users\HMS\Desktop\PathPlanning\PathPlanning Framework\PathPlanning Framework\Visual Studio\AStar\Debug\AStar.lib
C:\USERS\HMS\DESKTOP\PATHPLANNING\PATHPLANNING FRAMEWORK\PATHPLANNING FRAMEWORK\VISUAL STUDIO\ASTAR\DEBUG\ASTAR.PDB
