Build started 6/28/2012 9:55:21 PM.
     1>Project "C:\Users\hms\Documents\Shijing Liu\New\PathPlanning Framework\Visual Studio\AStar\AStar\AStar.vcxproj" on node 2 (build target(s)).
     1>InitializeBuildStatus:
         Creating "Debug\AStar.unsuccessfulbuild" because "AlwaysCreate" was specified.
       ClCompile:
         All outputs are up-to-date.
         c:\Program Files (x86)\Microsoft Visual Studio 10.0\VC\bin\CL.exe /c /ZI /nologo /W3 /WX- /Od /Oy- /D WIN32 /D _DEBUG /D _CONSOLE /D _WINDLL /D _UNICODE /D UNICODE /Gm /EHsc /RTC1 /MDd /GS /fp:precise /Zc:wchar_t /Zc:forScope /Yu"StdAfx.h" /Fp"Debug\AStar.pch" /Fo"Debug\\" /Fd"Debug\vc100.pdb" /Gd /TP /analyze- /errorReport:prompt Flee.cpp Plugin.cpp
         Plugin.cpp
         Flee.cpp
     1>c:\users\hms\documents\shijing liu\new\pathplanning framework\visual studio\astar\astar\flee.cpp(32): warning C4244: 'argument' : conversion from 'double' to 'const float', possible loss of data
         Generating Code...
       ManifestResourceCompile:
         All outputs are up-to-date.
       Link:
         c:\Program Files (x86)\Microsoft Visual Studio 10.0\VC\bin\link.exe /ERRORREPORT:PROMPT /OUT:"C:\Users\hms\Documents\Shijing Liu\New\PathPlanning Framework\Visual Studio\AStar\Debug\AStar.dll" /INCREMENTAL /NOLOGO kernel32.lib user32.lib gdi32.lib winspool.lib comdlg32.lib advapi32.lib shell32.lib ole32.lib oleaut32.lib uuid.lib odbc32.lib odbccp32.lib /MANIFEST /ManifestFile:"Debug\AStar.dll.intermediate.manifest" /MANIFESTUAC:"level='asInvoker' uiAccess='false'" /DEBUG /PDB:"C:\Users\hms\Documents\Shijing Liu\New\PathPlanning Framework\Visual Studio\AStar\Debug\AStar.pdb" /SUBSYSTEM:CONSOLE /TLBID:1 /DYNAMICBASE /NXCOMPAT /IMPLIB:"C:\Users\hms\Documents\Shijing Liu\New\PathPlanning Framework\Visual Studio\AStar\Debug\AStar.lib" /MACHINE:X86 /DLL Debug\AStar.dll.embed.manifest.res
         Debug\Alignment.obj
         Debug\Arrival.obj
         Debug\Avoid.obj
         Debug\Behavior.obj
         Debug\Cohesion.obj
         Debug\Departure.obj
         Debug\Environment.obj
         Debug\Flee.obj
         Debug\Flocking.obj
         Debug\FollowPath.obj
         Debug\Leader.obj
         Debug\Node.obj
         Debug\NodeTotalGreater.obj
         Debug\Plugin.obj
         Debug\PriorityQueue.obj
         Debug\Seek.obj
         Debug\Separation.obj
         Debug\stdafx.obj
         Debug\Transformation.obj
         Debug\Wander.obj
       Manifest:
         C:\Program Files (x86)\Microsoft SDKs\Windows\v7.0A\bin\mt.exe /nologo /verbose /out:"Debug\AStar.dll.embed.manifest" /manifest Debug\AStar.dll.intermediate.manifest
         All outputs are up-to-date.
       LinkEmbedManifest:
         All outputs are up-to-date.
         AStar.vcxproj -> C:\Users\hms\Documents\Shijing Liu\New\PathPlanning Framework\Visual Studio\AStar\Debug\AStar.dll
       FinalizeBuildStatus:
         Deleting file "Debug\AStar.unsuccessfulbuild".
         Touching "Debug\AStar.lastbuildstate".
     1>Done Building Project "C:\Users\hms\Documents\Shijing Liu\New\PathPlanning Framework\Visual Studio\AStar\AStar\AStar.vcxproj" (build target(s)).

Build succeeded.

Time Elapsed 00:00:01.48
