C:\CIS 564\ASSIGNMENT 10\PATHPLANNING(1)\PATHPLANNING\PATHPLANNING FRAMEWORK\PATHPLANNING FRAMEWORK\VISUAL STUDIO\ASTAR\ASTAR\RELEASE\ALIGNMENT.OBJ
C:\CIS 564\ASSIGNMENT 10\PATHPLANNING(1)\PATHPLANNING\PATHPLANNING FRAMEWORK\PATHPLANNING FRAMEWORK\VISUAL STUDIO\ASTAR\ASTAR\RELEASE\ARRIVAL.OBJ
C:\CIS 564\ASSIGNMENT 10\PATHPLANNING(1)\PATHPLANNING\PATHPLANNING FRAMEWORK\PATHPLANNING FRAMEWORK\VISUAL STUDIO\ASTAR\ASTAR\RELEASE\ASTAR.PCH
C:\CIS 564\ASSIGNMENT 10\PATHPLANNING(1)\PATHPLANNING\PATHPLANNING FRAMEWORK\PATHPLANNING FRAMEWORK\VISUAL STUDIO\ASTAR\ASTAR\RELEASE\AVOID.OBJ
C:\CIS 564\ASSIGNMENT 10\PATHPLANNING(1)\PATHPLANNING\PATHPLANNING FRAMEWORK\PATHPLANNING FRAMEWORK\VISUAL STUDIO\ASTAR\ASTAR\RELEASE\BEHAVIOR.OBJ
C:\CIS 564\ASSIGNMENT 10\PATHPLANNING(1)\PATHPLANNING\PATHPLANNING FRAMEWORK\PATHPLANNING FRAMEWORK\VISUAL STUDIO\ASTAR\ASTAR\RELEASE\COHESION.OBJ
C:\CIS 564\ASSIGNMENT 10\PATHPLANNING(1)\PATHPLANNING\PATHPLANNING FRAMEWORK\PATHPLANNING FRAMEWORK\VISUAL STUDIO\ASTAR\ASTAR\RELEASE\DEPARTURE.OBJ
C:\CIS 564\ASSIGNMENT 10\PATHPLANNING(1)\PATHPLANNING\PATHPLANNING FRAMEWORK\PATHPLANNING FRAMEWORK\VISUAL STUDIO\ASTAR\ASTAR\RELEASE\ENVIRONMENT.OBJ
C:\CIS 564\ASSIGNMENT 10\PATHPLANNING(1)\PATHPLANNING\PATHPLANNING FRAMEWORK\PATHPLANNING FRAMEWORK\VISUAL STUDIO\ASTAR\ASTAR\RELEASE\FLEE.OBJ
C:\CIS 564\ASSIGNMENT 10\PATHPLANNING(1)\PATHPLANNING\PATHPLANNING FRAMEWORK\PATHPLANNING FRAMEWORK\VISUAL STUDIO\ASTAR\ASTAR\RELEASE\FLOCKING.OBJ
C:\CIS 564\ASSIGNMENT 10\PATHPLANNING(1)\PATHPLANNING\PATHPLANNING FRAMEWORK\PATHPLANNING FRAMEWORK\VISUAL STUDIO\ASTAR\ASTAR\RELEASE\FOLLOWPATH.OBJ
C:\CIS 564\ASSIGNMENT 10\PATHPLANNING(1)\PATHPLANNING\PATHPLANNING FRAMEWORK\PATHPLANNING FRAMEWORK\VISUAL STUDIO\ASTAR\ASTAR\RELEASE\LEADER.OBJ
C:\CIS 564\ASSIGNMENT 10\PATHPLANNING(1)\PATHPLANNING\PATHPLANNING FRAMEWORK\PATHPLANNING FRAMEWORK\VISUAL STUDIO\ASTAR\ASTAR\RELEASE\NODE.OBJ
C:\CIS 564\ASSIGNMENT 10\PATHPLANNING(1)\PATHPLANNING\PATHPLANNING FRAMEWORK\PATHPLANNING FRAMEWORK\VISUAL STUDIO\ASTAR\ASTAR\RELEASE\NODETOTALGREATER.OBJ
C:\CIS 564\ASSIGNMENT 10\PATHPLANNING(1)\PATHPLANNING\PATHPLANNING FRAMEWORK\PATHPLANNING FRAMEWORK\VISUAL STUDIO\ASTAR\ASTAR\RELEASE\PLUGIN.OBJ
C:\CIS 564\ASSIGNMENT 10\PATHPLANNING(1)\PATHPLANNING\PATHPLANNING FRAMEWORK\PATHPLANNING FRAMEWORK\VISUAL STUDIO\ASTAR\ASTAR\RELEASE\PRIORITYQUEUE.OBJ
C:\CIS 564\ASSIGNMENT 10\PATHPLANNING(1)\PATHPLANNING\PATHPLANNING FRAMEWORK\PATHPLANNING FRAMEWORK\VISUAL STUDIO\ASTAR\ASTAR\RELEASE\SEEK.OBJ
C:\CIS 564\ASSIGNMENT 10\PATHPLANNING(1)\PATHPLANNING\PATHPLANNING FRAMEWORK\PATHPLANNING FRAMEWORK\VISUAL STUDIO\ASTAR\ASTAR\RELEASE\SEPARATION.OBJ
C:\CIS 564\ASSIGNMENT 10\PATHPLANNING(1)\PATHPLANNING\PATHPLANNING FRAMEWORK\PATHPLANNING FRAMEWORK\VISUAL STUDIO\ASTAR\ASTAR\RELEASE\STDAFX.OBJ
C:\CIS 564\ASSIGNMENT 10\PATHPLANNING(1)\PATHPLANNING\PATHPLANNING FRAMEWORK\PATHPLANNING FRAMEWORK\VISUAL STUDIO\ASTAR\ASTAR\RELEASE\TRANSFORMATION.OBJ
C:\CIS 564\ASSIGNMENT 10\PATHPLANNING(1)\PATHPLANNING\PATHPLANNING FRAMEWORK\PATHPLANNING FRAMEWORK\VISUAL STUDIO\ASTAR\ASTAR\RELEASE\VC100.PDB
C:\CIS 564\ASSIGNMENT 10\PATHPLANNING(1)\PATHPLANNING\PATHPLANNING FRAMEWORK\PATHPLANNING FRAMEWORK\VISUAL STUDIO\ASTAR\ASTAR\RELEASE\WANDER.OBJ
C:\CIS 564\NEW START\PATHPLANNING FRAMEWORK\VISUAL STUDIO\ASTAR\ASTAR\RELEASE\ALIGNMENT.OBJ
C:\CIS 564\NEW START\PATHPLANNING FRAMEWORK\VISUAL STUDIO\ASTAR\ASTAR\RELEASE\ARRIVAL.OBJ
C:\CIS 564\NEW START\PATHPLANNING FRAMEWORK\VISUAL STUDIO\ASTAR\ASTAR\RELEASE\ASTAR.DLL.INTERMEDIATE.MANIFEST
C:\CIS 564\NEW START\PATHPLANNING FRAMEWORK\VISUAL STUDIO\ASTAR\ASTAR\RELEASE\AVOID.OBJ
C:\CIS 564\NEW START\PATHPLANNING FRAMEWORK\VISUAL STUDIO\ASTAR\ASTAR\RELEASE\BEHAVIOR.OBJ
C:\CIS 564\NEW START\PATHPLANNING FRAMEWORK\VISUAL STUDIO\ASTAR\ASTAR\RELEASE\COHESION.OBJ
C:\CIS 564\NEW START\PATHPLANNING FRAMEWORK\VISUAL STUDIO\ASTAR\ASTAR\RELEASE\DEPARTURE.OBJ
C:\CIS 564\NEW START\PATHPLANNING FRAMEWORK\VISUAL STUDIO\ASTAR\ASTAR\RELEASE\ENVIRONMENT.OBJ
C:\CIS 564\NEW START\PATHPLANNING FRAMEWORK\VISUAL STUDIO\ASTAR\ASTAR\RELEASE\FLEE.OBJ
C:\CIS 564\NEW START\PATHPLANNING FRAMEWORK\VISUAL STUDIO\ASTAR\ASTAR\RELEASE\FLOCKING.OBJ
C:\CIS 564\NEW START\PATHPLANNING FRAMEWORK\VISUAL STUDIO\ASTAR\ASTAR\RELEASE\FOLLOWPATH.OBJ
C:\CIS 564\NEW START\PATHPLANNING FRAMEWORK\VISUAL STUDIO\ASTAR\ASTAR\RELEASE\LEADER.OBJ
C:\CIS 564\NEW START\PATHPLANNING FRAMEWORK\VISUAL STUDIO\ASTAR\ASTAR\RELEASE\NODE.OBJ
C:\CIS 564\NEW START\PATHPLANNING FRAMEWORK\VISUAL STUDIO\ASTAR\ASTAR\RELEASE\NODETOTALGREATER.OBJ
C:\CIS 564\NEW START\PATHPLANNING FRAMEWORK\VISUAL STUDIO\ASTAR\ASTAR\RELEASE\PLUGIN.OBJ
C:\CIS 564\NEW START\PATHPLANNING FRAMEWORK\VISUAL STUDIO\ASTAR\ASTAR\RELEASE\PRIORITYQUEUE.OBJ
C:\CIS 564\NEW START\PATHPLANNING FRAMEWORK\VISUAL STUDIO\ASTAR\ASTAR\RELEASE\SEEK.OBJ
C:\CIS 564\NEW START\PATHPLANNING FRAMEWORK\VISUAL STUDIO\ASTAR\ASTAR\RELEASE\SEPARATION.OBJ
C:\CIS 564\NEW START\PATHPLANNING FRAMEWORK\VISUAL STUDIO\ASTAR\ASTAR\RELEASE\STDAFX.OBJ
C:\CIS 564\NEW START\PATHPLANNING FRAMEWORK\VISUAL STUDIO\ASTAR\ASTAR\RELEASE\TRANSFORMATION.OBJ
C:\CIS 564\NEW START\PATHPLANNING FRAMEWORK\VISUAL STUDIO\ASTAR\ASTAR\RELEASE\VC100.PDB
C:\CIS 564\NEW START\PATHPLANNING FRAMEWORK\VISUAL STUDIO\ASTAR\ASTAR\RELEASE\WANDER.OBJ
C:\CIS 564\NEW START\PATHPLANNING FRAMEWORK\VISUAL STUDIO\ASTAR\RELEASE\ASTAR.DLL
C:\CIS 564\New Start\PathPlanning Framework\Visual Studio\AStar\Release\AStar.exp
C:\CIS 564\New Start\PathPlanning Framework\Visual Studio\AStar\Release\AStar.lib
C:\CIS 564\NEW START\PATHPLANNING FRAMEWORK\VISUAL STUDIO\ASTAR\RELEASE\ASTAR.PDB
C:\USERS\HMS\DOCUMENTS\SHIJING LIU\NEW\PATHPLANNING FRAMEWORK\VISUAL STUDIO\ASTAR\ASTAR\RELEASE\ALIGNMENT.OBJ
C:\USERS\HMS\DOCUMENTS\SHIJING LIU\NEW\PATHPLANNING FRAMEWORK\VISUAL STUDIO\ASTAR\ASTAR\RELEASE\ARRIVAL.OBJ
C:\USERS\HMS\DOCUMENTS\SHIJING LIU\NEW\PATHPLANNING FRAMEWORK\VISUAL STUDIO\ASTAR\ASTAR\RELEASE\ASTAR.DLL.INTERMEDIATE.MANIFEST
C:\USERS\HMS\DOCUMENTS\SHIJING LIU\NEW\PATHPLANNING FRAMEWORK\VISUAL STUDIO\ASTAR\ASTAR\RELEASE\ASTAR.PCH
C:\Users\hms\Documents\Shijing Liu\New\PathPlanning Framework\Visual Studio\AStar\AStar\Release\AStar.write.1.tlog
C:\USERS\HMS\DOCUMENTS\SHIJING LIU\NEW\PATHPLANNING FRAMEWORK\VISUAL STUDIO\ASTAR\ASTAR\RELEASE\AVOID.OBJ
C:\USERS\HMS\DOCUMENTS\SHIJING LIU\NEW\PATHPLANNING FRAMEWORK\VISUAL STUDIO\ASTAR\ASTAR\RELEASE\BEHAVIOR.OBJ
C:\Users\hms\Documents\Shijing Liu\New\PathPlanning Framework\Visual Studio\AStar\AStar\Release\cl.command.1.tlog
C:\Users\hms\Documents\Shijing Liu\New\PathPlanning Framework\Visual Studio\AStar\AStar\Release\CL.read.1.tlog
C:\Users\hms\Documents\Shijing Liu\New\PathPlanning Framework\Visual Studio\AStar\AStar\Release\CL.write.1.tlog
C:\USERS\HMS\DOCUMENTS\SHIJING LIU\NEW\PATHPLANNING FRAMEWORK\VISUAL STUDIO\ASTAR\ASTAR\RELEASE\COHESION.OBJ
C:\USERS\HMS\DOCUMENTS\SHIJING LIU\NEW\PATHPLANNING FRAMEWORK\VISUAL STUDIO\ASTAR\ASTAR\RELEASE\DEPARTURE.OBJ
C:\USERS\HMS\DOCUMENTS\SHIJING LIU\NEW\PATHPLANNING FRAMEWORK\VISUAL STUDIO\ASTAR\ASTAR\RELEASE\ENVIRONMENT.OBJ
C:\USERS\HMS\DOCUMENTS\SHIJING LIU\NEW\PATHPLANNING FRAMEWORK\VISUAL STUDIO\ASTAR\ASTAR\RELEASE\FLEE.OBJ
C:\USERS\HMS\DOCUMENTS\SHIJING LIU\NEW\PATHPLANNING FRAMEWORK\VISUAL STUDIO\ASTAR\ASTAR\RELEASE\FLOCKING.OBJ
C:\USERS\HMS\DOCUMENTS\SHIJING LIU\NEW\PATHPLANNING FRAMEWORK\VISUAL STUDIO\ASTAR\ASTAR\RELEASE\FOLLOWPATH.OBJ
C:\USERS\HMS\DOCUMENTS\SHIJING LIU\NEW\PATHPLANNING FRAMEWORK\VISUAL STUDIO\ASTAR\ASTAR\RELEASE\LEADER.OBJ
C:\Users\hms\Documents\Shijing Liu\New\PathPlanning Framework\Visual Studio\AStar\AStar\Release\link.command.1.tlog
C:\Users\hms\Documents\Shijing Liu\New\PathPlanning Framework\Visual Studio\AStar\AStar\Release\link.read.1.tlog
C:\Users\hms\Documents\Shijing Liu\New\PathPlanning Framework\Visual Studio\AStar\AStar\Release\link.write.1.tlog
C:\Users\hms\Documents\Shijing Liu\New\PathPlanning Framework\Visual Studio\AStar\AStar\Release\mt.command.1.tlog
C:\Users\hms\Documents\Shijing Liu\New\PathPlanning Framework\Visual Studio\AStar\AStar\Release\mt.read.1.tlog
C:\Users\hms\Documents\Shijing Liu\New\PathPlanning Framework\Visual Studio\AStar\AStar\Release\mt.write.1.tlog
C:\USERS\HMS\DOCUMENTS\SHIJING LIU\NEW\PATHPLANNING FRAMEWORK\VISUAL STUDIO\ASTAR\ASTAR\RELEASE\NODE.OBJ
C:\USERS\HMS\DOCUMENTS\SHIJING LIU\NEW\PATHPLANNING FRAMEWORK\VISUAL STUDIO\ASTAR\ASTAR\RELEASE\NODETOTALGREATER.OBJ
C:\USERS\HMS\DOCUMENTS\SHIJING LIU\NEW\PATHPLANNING FRAMEWORK\VISUAL STUDIO\ASTAR\ASTAR\RELEASE\PLUGIN.OBJ
C:\USERS\HMS\DOCUMENTS\SHIJING LIU\NEW\PATHPLANNING FRAMEWORK\VISUAL STUDIO\ASTAR\ASTAR\RELEASE\PRIORITYQUEUE.OBJ
C:\USERS\HMS\DOCUMENTS\SHIJING LIU\NEW\PATHPLANNING FRAMEWORK\VISUAL STUDIO\ASTAR\ASTAR\RELEASE\SEEK.OBJ
C:\USERS\HMS\DOCUMENTS\SHIJING LIU\NEW\PATHPLANNING FRAMEWORK\VISUAL STUDIO\ASTAR\ASTAR\RELEASE\SEPARATION.OBJ
C:\USERS\HMS\DOCUMENTS\SHIJING LIU\NEW\PATHPLANNING FRAMEWORK\VISUAL STUDIO\ASTAR\ASTAR\RELEASE\STDAFX.OBJ
C:\USERS\HMS\DOCUMENTS\SHIJING LIU\NEW\PATHPLANNING FRAMEWORK\VISUAL STUDIO\ASTAR\ASTAR\RELEASE\TRANSFORMATION.OBJ
C:\USERS\HMS\DOCUMENTS\SHIJING LIU\NEW\PATHPLANNING FRAMEWORK\VISUAL STUDIO\ASTAR\ASTAR\RELEASE\VC100.PDB
C:\USERS\HMS\DOCUMENTS\SHIJING LIU\NEW\PATHPLANNING FRAMEWORK\VISUAL STUDIO\ASTAR\ASTAR\RELEASE\WANDER.OBJ
C:\USERS\HMS\DOCUMENTS\SHIJING LIU\NEW\PATHPLANNING FRAMEWORK\VISUAL STUDIO\ASTAR\RELEASE\ASTAR.DLL
C:\Users\hms\Documents\Shijing Liu\New\PathPlanning Framework\Visual Studio\AStar\Release\AStar.exp
C:\Users\hms\Documents\Shijing Liu\New\PathPlanning Framework\Visual Studio\AStar\Release\AStar.lib
C:\USERS\HMS\DOCUMENTS\SHIJING LIU\NEW\PATHPLANNING FRAMEWORK\VISUAL STUDIO\ASTAR\RELEASE\ASTAR.PDB
